Build started 04/05/2017 16:26:53.
     1>Project "C:\hlocal\DSI\RumbleController\RumbleController_2010.vcxproj" on node 2 (Build target(s)).
     1>ClCompile:
         C:\software\programacion\MSVStudio2013\VC\bin\CL.exe /c /IDXUT\Core /IDXUT\Optional /ZI /nologo /W4 /WX- /Od /Oi /Oy- /D WIN32 /D _DEBUG /D DEBUG /D PROFILE /D _WINDOWS /D D3DXFX_LARGEADDRESS_HANDLE /D _UNICODE /D UNICODE /Gm- /EHsc /RTC1 /MDd /GS /arch:SSE2 /fp:fast /Zc:wchar_t /Zc:forScope /openmp- /Fo"Debug\\" /Fd"Debug\vc120.pdb" /Gd /TP /analyze- /errorReport:prompt  HIDBOX.cpp RumbleController.cpp
         HIDBOX.cpp
     1>c:\hlocal\dsi\rumblecontroller\hidbox.cpp(22): warning C4127: conditional expression is constant
     1>c:\hlocal\dsi\rumblecontroller\hidbox.cpp(27): warning C4127: conditional expression is constant
         RumbleController.cpp
     1>c:\hlocal\dsi\rumblecontroller\rumblecontroller.cpp(32): warning C4005: 'INPUT_DEADZONE' : macro redefinition
                 c:\hlocal\dsi\rumblecontroller\hidbox.h(6) : see previous definition of 'INPUT_DEADZONE'
     1>c:\hlocal\dsi\rumblecontroller\rumblecontroller.cpp(58): warning C4100: 'dwTime' : unreferenced formal parameter
     1>c:\hlocal\dsi\rumblecontroller\rumblecontroller.cpp(57): warning C4100: 'idTimer' : unreferenced formal parameter
     1>c:\hlocal\dsi\rumblecontroller\rumblecontroller.cpp(56): warning C4100: 'message' : unreferenced formal parameter
     1>c:\hlocal\dsi\rumblecontroller\rumblecontroller.cpp(55): warning C4100: 'hwnd' : unreferenced formal parameter
     1>c:\hlocal\dsi\rumblecontroller\rumblecontroller.cpp(61): warning C4101: 'rc' : unreferenced local variable
     1>c:\hlocal\dsi\rumblecontroller\rumblecontroller.cpp(63): warning C4189: 'hWnd' : local variable is initialized but not referenced
     1>c:\hlocal\dsi\rumblecontroller\rumblecontroller.cpp(60): warning C4101: 'pt' : unreferenced local variable
     1>c:\hlocal\dsi\rumblecontroller\rumblecontroller.cpp(183): warning C4101: 'bGotMsg' : unreferenced local variable
         Generating Code...
       Link:
         C:\software\programacion\MSVStudio2013\VC\bin\link.exe /ERRORREPORT:PROMPT /OUT:"C:\hlocal\DSI\RumbleController\Debug\RumbleController.exe" /INCREMENTAL /NOLOGO xinput.lib kernel32.lib user32.lib gdi32.lib winspool.lib comdlg32.lib advapi32.lib shell32.lib ole32.lib oleaut32.lib uuid.lib odbc32.lib odbccp32.lib /MANIFEST /MANIFESTUAC:"level='asInvoker' uiAccess='false'" /manifest:embed /manifestinput:C:\software\programacion\MSVStudio2013\VC\Include\Manifest\dpiaware.manifest /DEBUG /PDB:"C:\hlocal\DSI\RumbleController\Debug\RumbleController.pdb" /SUBSYSTEM:WINDOWS /LARGEADDRESSAWARE /TLBID:1 /DYNAMICBASE /NXCOMPAT /IMPLIB:"C:\hlocal\DSI\RumbleController\Debug\RumbleController.lib" /MACHINE:X86 /SAFESEH  Debug\RumbleController.res
         Debug\HIDBOX.obj
         Debug\RumbleController.obj
         Debug\HID.obj
     1>RumbleController.obj : error LNK2005: "public: void __thiscall HID::Actualiza(void)" (?Actualiza@HID@@QAEXXZ) already defined in HIDBOX.obj
     1>C:\hlocal\DSI\RumbleController\Debug\RumbleController.exe : fatal error LNK1169: one or more multiply defined symbols found
     1>Done Building Project "C:\hlocal\DSI\RumbleController\RumbleController_2010.vcxproj" (Build target(s)) -- FAILED.

Build FAILED.

Time Elapsed 00:00:00.90
